[debug] [2024-08-21T10:13:15.627Z] ----------------------------------------------------------------------
[debug] [2024-08-21T10:13:15.630Z] Command:       C:\Program Files\nodejs\node.exe C:\Users\suhen\AppData\Roaming\npm\node_modules\firebase-tools\lib\bin\firebase.js deploy --only hosting,functions
[debug] [2024-08-21T10:13:15.630Z] CLI Version:   13.15.1
[debug] [2024-08-21T10:13:15.630Z] Platform:      win32
[debug] [2024-08-21T10:13:15.630Z] Node Version:  v20.16.0
[debug] [2024-08-21T10:13:15.630Z] Time:          Wed Aug 21 2024 17:13:15 GMT+0700 (Western Indonesia Time)
[debug] [2024-08-21T10:13:15.631Z] ----------------------------------------------------------------------
[debug] 
[debug] [2024-08-21T10:13:15.686Z] > command requires scopes: ["email","openid","https://www.googleapis.com/auth/cloudplatformprojects.readonly","https://www.googleapis.com/auth/firebase","https://www.googleapis.com/auth/cloud-platform"]
[debug] [2024-08-21T10:13:15.687Z] > authorizing via signed-in user (suhendararyadi@gmail.com)
[debug] [2024-08-21T10:13:15.687Z] [iam] checking project nextjs-app-572a3 for permissions ["cloudfunctions.functions.create","cloudfunctions.functions.delete","cloudfunctions.functions.get","cloudfunctions.functions.list","cloudfunctions.functions.update","cloudfunctions.operations.get","firebase.projects.get","firebasehosting.sites.update"]
[debug] [2024-08-21T10:13:15.688Z] >>> [apiv2][query] POST https://cloudresourcemanager.googleapis.com/v1/projects/nextjs-app-572a3:testIamPermissions [none]
[debug] [2024-08-21T10:13:15.689Z] >>> [apiv2][(partial)header] POST https://cloudresourcemanager.googleapis.com/v1/projects/nextjs-app-572a3:testIamPermissions x-goog-quota-user=projects/nextjs-app-572a3
[debug] [2024-08-21T10:13:15.689Z] >>> [apiv2][body] POST https://cloudresourcemanager.googleapis.com/v1/projects/nextjs-app-572a3:testIamPermissions {"permissions":["cloudfunctions.functions.create","cloudfunctions.functions.delete","cloudfunctions.functions.get","cloudfunctions.functions.list","cloudfunctions.functions.update","cloudfunctions.operations.get","firebase.projects.get","firebasehosting.sites.update"]}
[debug] [2024-08-21T10:13:16.029Z] <<< [apiv2][status] POST https://cloudresourcemanager.googleapis.com/v1/projects/nextjs-app-572a3:testIamPermissions 200
[debug] [2024-08-21T10:13:16.029Z] <<< [apiv2][body] POST https://cloudresourcemanager.googleapis.com/v1/projects/nextjs-app-572a3:testIamPermissions {"permissions":["cloudfunctions.functions.create","cloudfunctions.functions.delete","cloudfunctions.functions.get","cloudfunctions.functions.list","cloudfunctions.functions.update","cloudfunctions.operations.get","firebase.projects.get","firebasehosting.sites.update"]}
[debug] [2024-08-21T10:13:16.030Z] >>> [apiv2][query] POST https://iam.googleapis.com/v1/projects/nextjs-app-572a3/serviceAccounts/nextjs-app-572a3@appspot.gserviceaccount.com:testIamPermissions [none]
[debug] [2024-08-21T10:13:16.030Z] >>> [apiv2][body] POST https://iam.googleapis.com/v1/projects/nextjs-app-572a3/serviceAccounts/nextjs-app-572a3@appspot.gserviceaccount.com:testIamPermissions {"permissions":["iam.serviceAccounts.actAs"]}
[debug] [2024-08-21T10:13:17.424Z] <<< [apiv2][status] POST https://iam.googleapis.com/v1/projects/nextjs-app-572a3/serviceAccounts/nextjs-app-572a3@appspot.gserviceaccount.com:testIamPermissions 200
[debug] [2024-08-21T10:13:17.424Z] <<< [apiv2][body] POST https://iam.googleapis.com/v1/projects/nextjs-app-572a3/serviceAccounts/nextjs-app-572a3@appspot.gserviceaccount.com:testIamPermissions {"permissions":["iam.serviceAccounts.actAs"]}
[debug] [2024-08-21T10:13:17.425Z] >>> [apiv2][query] GET https://firebase.googleapis.com/v1beta1/projects/nextjs-app-572a3 [none]
[debug] [2024-08-21T10:13:18.123Z] <<< [apiv2][status] GET https://firebase.googleapis.com/v1beta1/projects/nextjs-app-572a3 200
[debug] [2024-08-21T10:13:18.123Z] <<< [apiv2][body] GET https://firebase.googleapis.com/v1beta1/projects/nextjs-app-572a3 {"projectId":"nextjs-app-572a3","projectNumber":"205014283789","displayName":"nextjs-app","name":"projects/nextjs-app-572a3","resources":{"hostingSite":"nextjs-app-572a3","realtimeDatabaseInstance":"nextjs-app-572a3-default-rtdb","storageBucket":"nextjs-app-572a3.appspot.com","locationId":"asia-southeast2"},"state":"ACTIVE","etag":"1_18c59544-8453-4b4e-b23d-e15e10862ef2"}
[info] 
[info] === Deploying to 'nextjs-app-572a3'...
[info] 
[info] i  deploying functions, hosting 
[debug] [2024-08-21T10:13:18.128Z] >>> [apiv2][query] GET https://firebase.googleapis.com/v1beta1/projects/nextjs-app-572a3 [none]
[debug] [2024-08-21T10:13:18.429Z] <<< [apiv2][status] GET https://firebase.googleapis.com/v1beta1/projects/nextjs-app-572a3 200
[debug] [2024-08-21T10:13:18.429Z] <<< [apiv2][body] GET https://firebase.googleapis.com/v1beta1/projects/nextjs-app-572a3 {"projectId":"nextjs-app-572a3","projectNumber":"205014283789","displayName":"nextjs-app","name":"projects/nextjs-app-572a3","resources":{"hostingSite":"nextjs-app-572a3","realtimeDatabaseInstance":"nextjs-app-572a3-default-rtdb","storageBucket":"nextjs-app-572a3.appspot.com","locationId":"asia-southeast2"},"state":"ACTIVE","etag":"1_18c59544-8453-4b4e-b23d-e15e10862ef2"}
[info] i  functions: preparing codebase default for deployment 
[info] i  functions: ensuring required API cloudfunctions.googleapis.com is enabled... 
[info] i  functions: ensuring required API cloudbuild.googleapis.com is enabled... 
[info] i  artifactregistry: ensuring required API artifactregistry.googleapis.com is enabled... 
[debug] [2024-08-21T10:13:18.433Z] >>> [apiv2][query] GET https://serviceusage.googleapis.com/v1/projects/nextjs-app-572a3/services/cloudfunctions.googleapis.com [none]
[debug] [2024-08-21T10:13:18.433Z] >>> [apiv2][(partial)header] GET https://serviceusage.googleapis.com/v1/projects/nextjs-app-572a3/services/cloudfunctions.googleapis.com x-goog-quota-user=projects/nextjs-app-572a3
[debug] [2024-08-21T10:13:18.434Z] >>> [apiv2][query] GET https://serviceusage.googleapis.com/v1/projects/nextjs-app-572a3/services/runtimeconfig.googleapis.com [none]
[debug] [2024-08-21T10:13:18.434Z] >>> [apiv2][(partial)header] GET https://serviceusage.googleapis.com/v1/projects/nextjs-app-572a3/services/runtimeconfig.googleapis.com x-goog-quota-user=projects/nextjs-app-572a3
[debug] [2024-08-21T10:13:18.435Z] >>> [apiv2][query] GET https://serviceusage.googleapis.com/v1/projects/nextjs-app-572a3/services/cloudbuild.googleapis.com [none]
[debug] [2024-08-21T10:13:18.435Z] >>> [apiv2][(partial)header] GET https://serviceusage.googleapis.com/v1/projects/nextjs-app-572a3/services/cloudbuild.googleapis.com x-goog-quota-user=projects/nextjs-app-572a3
[debug] [2024-08-21T10:13:18.435Z] >>> [apiv2][query] GET https://serviceusage.googleapis.com/v1/projects/nextjs-app-572a3/services/artifactregistry.googleapis.com [none]
[debug] [2024-08-21T10:13:18.436Z] >>> [apiv2][(partial)header] GET https://serviceusage.googleapis.com/v1/projects/nextjs-app-572a3/services/artifactregistry.googleapis.com x-goog-quota-user=projects/nextjs-app-572a3
[debug] [2024-08-21T10:13:19.888Z] <<< [apiv2][status] GET https://serviceusage.googleapis.com/v1/projects/nextjs-app-572a3/services/runtimeconfig.googleapis.com 200
[debug] [2024-08-21T10:13:19.889Z] <<< [apiv2][body] GET https://serviceusage.googleapis.com/v1/projects/nextjs-app-572a3/services/runtimeconfig.googleapis.com [omitted]
[debug] [2024-08-21T10:13:19.889Z] <<< [apiv2][status] GET https://serviceusage.googleapis.com/v1/projects/nextjs-app-572a3/services/cloudbuild.googleapis.com 200
[debug] [2024-08-21T10:13:19.890Z] <<< [apiv2][body] GET https://serviceusage.googleapis.com/v1/projects/nextjs-app-572a3/services/cloudbuild.googleapis.com [omitted]
[info] +  functions: required API cloudbuild.googleapis.com is enabled 
[debug] [2024-08-21T10:13:19.891Z] <<< [apiv2][status] GET https://serviceusage.googleapis.com/v1/projects/nextjs-app-572a3/services/cloudfunctions.googleapis.com 200
[debug] [2024-08-21T10:13:19.891Z] <<< [apiv2][body] GET https://serviceusage.googleapis.com/v1/projects/nextjs-app-572a3/services/cloudfunctions.googleapis.com [omitted]
[info] +  functions: required API cloudfunctions.googleapis.com is enabled 
[debug] [2024-08-21T10:13:19.895Z] <<< [apiv2][status] GET https://serviceusage.googleapis.com/v1/projects/nextjs-app-572a3/services/artifactregistry.googleapis.com 200
[debug] [2024-08-21T10:13:19.895Z] <<< [apiv2][body] GET https://serviceusage.googleapis.com/v1/projects/nextjs-app-572a3/services/artifactregistry.googleapis.com [omitted]
[info] +  artifactregistry: required API artifactregistry.googleapis.com is enabled 
[debug] [2024-08-21T10:13:19.896Z] >>> [apiv2][query] GET https://firebase.googleapis.com/v1beta1/projects/nextjs-app-572a3/adminSdkConfig [none]
[debug] [2024-08-21T10:13:21.071Z] <<< [apiv2][status] GET https://firebase.googleapis.com/v1beta1/projects/nextjs-app-572a3/adminSdkConfig 200
[debug] [2024-08-21T10:13:21.071Z] <<< [apiv2][body] GET https://firebase.googleapis.com/v1beta1/projects/nextjs-app-572a3/adminSdkConfig {"projectId":"nextjs-app-572a3","databaseURL":"https://nextjs-app-572a3-default-rtdb.asia-southeast1.firebasedatabase.app","storageBucket":"nextjs-app-572a3.appspot.com","locationId":"asia-southeast2"}
[debug] [2024-08-21T10:13:21.072Z] >>> [apiv2][query] GET https://runtimeconfig.googleapis.com/v1beta1/projects/nextjs-app-572a3/configs [none]
[debug] [2024-08-21T10:13:21.479Z] <<< [apiv2][status] GET https://runtimeconfig.googleapis.com/v1beta1/projects/nextjs-app-572a3/configs 200
[debug] [2024-08-21T10:13:21.479Z] <<< [apiv2][body] GET https://runtimeconfig.googleapis.com/v1beta1/projects/nextjs-app-572a3/configs {}
[debug] [2024-08-21T10:13:21.481Z] Validating nodejs source
[debug] [2024-08-21T10:13:22.334Z] > [functions] package.json contents: {
  "name": "functions",
  "description": "Cloud Functions for Firebase",
  "scripts": {
    "lint": "eslint .",
    "serve": "firebase emulators:start --only functions",
    "shell": "firebase functions:shell",
    "start": "npm run shell",
    "deploy": "firebase deploy --only functions",
    "logs": "firebase functions:log"
  },
  "engines": {
    "node": "18"
  },
  "main": "index.js",
  "dependencies": {
    "firebase-admin": "^12.3.1",
    "firebase-functions": "^5.1.0",
    "next": "^14.2.5"
  },
  "devDependencies": {
    "eslint": "^8.15.0",
    "eslint-config-google": "^0.14.0",
    "firebase-functions-test": "^3.1.0"
  },
  "private": true
}
[debug] [2024-08-21T10:13:22.336Z] Building nodejs source
[info] i  functions: Loading and analyzing source code for codebase default to determine what to deploy 
[debug] [2024-08-21T10:13:22.340Z] Could not find functions.yaml. Must use http discovery
[debug] [2024-08-21T10:13:22.346Z] Found firebase-functions binary at 'D:\2. SUHENDAR ARYADI DATA\my-nextjs-app\functions\node_modules\.bin\firebase-functions'
[info] Serving at port 8525

[debug] [2024-08-21T10:13:22.798Z] Got response from /__/functions.yaml {"endpoints":{"nextApp":{"platform":"gcfv1","availableMemoryMb":null,"timeoutSeconds":null,"minInstances":null,"maxInstances":null,"ingressSettings":null,"serviceAccountEmail":null,"vpc":null,"httpsTrigger":{},"entryPoint":"nextApp"}},"specVersion":"v1alpha1","requiredAPIs":[],"extensions":{}}
[info] i  functions: preparing functions directory for uploading... 
[info] i  functions: packaged D:\2. SUHENDAR ARYADI DATA\my-nextjs-app\functions (8.01 MB) for uploading 
[debug] [2024-08-21T10:13:28.939Z] >>> [apiv2][query] GET https://cloudfunctions.googleapis.com/v1/projects/nextjs-app-572a3/locations/-/functions [none]
[debug] [2024-08-21T10:13:29.656Z] <<< [apiv2][status] GET https://cloudfunctions.googleapis.com/v1/projects/nextjs-app-572a3/locations/-/functions 200
[debug] [2024-08-21T10:13:29.657Z] <<< [apiv2][body] GET https://cloudfunctions.googleapis.com/v1/projects/nextjs-app-572a3/locations/-/functions {"functions":[{"name":"projects/nextjs-app-572a3/locations/us-central1/functions/nextApp","httpsTrigger":{"url":"https://us-central1-nextjs-app-572a3.cloudfunctions.net/nextApp","securityLevel":"SECURE_ALWAYS"},"status":"ACTIVE","entryPoint":"nextApp","timeout":"60s","availableMemoryMb":256,"serviceAccountEmail":"nextjs-app-572a3@appspot.gserviceaccount.com","updateTime":"2024-08-21T09:59:48.338Z","versionId":"2","labels":{"deployment-tool":"cli-firebase","firebase-functions-hash":"020be50cba6789049aed36d4e76496562c4e6822"},"sourceUploadUrl":"https://storage.googleapis.com/uploads-936713015510.us-central1.cloudfunctions.appspot.com/fddd9c10-876d-4ce4-8ac3-3cd2bfd700a8.zip","environmentVariables":{"FIREBASE_CONFIG":"{\"projectId\":\"nextjs-app-572a3\",\"databaseURL\":\"https://nextjs-app-572a3-default-rtdb.asia-southeast1.firebasedatabase.app\",\"storageBucket\":\"nextjs-app-572a3.appspot.com\",\"locationId\":\"asia-southeast2\"}","GCLOUD_PROJECT":"nextjs-app-572a3","EVENTARC_CLOUD_EVENT_SOURCE":"projects/nextjs-app-572a3/locations/us-central1/functions/nextApp"},"runtime":"nodejs18","ingressSettings":"ALLOW_ALL","buildId":"1da2a6d8-5e5c-49e8-88fb-01136eaca12c","buildEnvironmentVariables":{"GOOGLE_NODE_RUN_SCRIPTS":""},"buildName":"projects/205014283789/locations/us-central1/builds/1da2a6d8-5e5c-49e8-88fb-01136eaca12c","dockerRegistry":"ARTIFACT_REGISTRY","automaticUpdatePolicy":{},"buildServiceAccount":"205014283789-compute@developer.gserviceaccount.com"}]}
[debug] [2024-08-21T10:13:29.660Z] >>> [apiv2][query] GET https://cloudfunctions.googleapis.com/v2/projects/nextjs-app-572a3/locations/-/functions filter=environment%3D%22GEN_2%22
[debug] [2024-08-21T10:13:31.292Z] <<< [apiv2][status] GET https://cloudfunctions.googleapis.com/v2/projects/nextjs-app-572a3/locations/-/functions 200
[debug] [2024-08-21T10:13:31.292Z] <<< [apiv2][body] GET https://cloudfunctions.googleapis.com/v2/projects/nextjs-app-572a3/locations/-/functions {}
[debug] [2024-08-21T10:13:31.304Z] >>> [apiv2][query] GET https://firebase.googleapis.com/v1beta1/projects/nextjs-app-572a3 [none]
[debug] [2024-08-21T10:13:31.854Z] <<< [apiv2][status] GET https://firebase.googleapis.com/v1beta1/projects/nextjs-app-572a3 200
[debug] [2024-08-21T10:13:31.854Z] <<< [apiv2][body] GET https://firebase.googleapis.com/v1beta1/projects/nextjs-app-572a3 {"projectId":"nextjs-app-572a3","projectNumber":"205014283789","displayName":"nextjs-app","name":"projects/nextjs-app-572a3","resources":{"hostingSite":"nextjs-app-572a3","realtimeDatabaseInstance":"nextjs-app-572a3-default-rtdb","storageBucket":"nextjs-app-572a3.appspot.com","locationId":"asia-southeast2"},"state":"ACTIVE","etag":"1_18c59544-8453-4b4e-b23d-e15e10862ef2"}
[debug] [2024-08-21T10:13:31.863Z] >>> [apiv2][query] POST https://firebasehosting.googleapis.com/v1beta1/projects/-/sites/nextjs-app-572a3/versions [none]
[debug] [2024-08-21T10:13:31.864Z] >>> [apiv2][body] POST https://firebasehosting.googleapis.com/v1beta1/projects/-/sites/nextjs-app-572a3/versions {"status":"CREATED","labels":{"deployment-tool":"cli-firebase"}}
[debug] [2024-08-21T10:13:33.689Z] <<< [apiv2][status] POST https://firebasehosting.googleapis.com/v1beta1/projects/-/sites/nextjs-app-572a3/versions 200
[debug] [2024-08-21T10:13:33.689Z] <<< [apiv2][body] POST https://firebasehosting.googleapis.com/v1beta1/projects/-/sites/nextjs-app-572a3/versions {"name":"projects/205014283789/sites/nextjs-app-572a3/versions/9c7e04886f0cba87","status":"CREATED","config":{},"labels":{"deployment-tool":"cli-firebase"}}
[debug] [2024-08-21T10:13:33.690Z] >>> [apiv2][query] GET https://cloudbilling.googleapis.com/v1/projects/nextjs-app-572a3/billingInfo [none]
[debug] [2024-08-21T10:13:35.073Z] <<< [apiv2][status] GET https://cloudbilling.googleapis.com/v1/projects/nextjs-app-572a3/billingInfo 200
[debug] [2024-08-21T10:13:35.074Z] <<< [apiv2][body] GET https://cloudbilling.googleapis.com/v1/projects/nextjs-app-572a3/billingInfo {"name":"projects/nextjs-app-572a3/billingInfo","projectId":"nextjs-app-572a3","billingAccountName":"billingAccounts/010993-5853AE-C6D2BE","billingEnabled":true}
[debug] [2024-08-21T10:13:35.078Z] >>> [apiv2][query] POST https://cloudfunctions.googleapis.com/v1/projects/nextjs-app-572a3/locations/us-central1/functions:generateUploadUrl [none]
[debug] [2024-08-21T10:13:35.079Z] >>> [apiv2][body] POST https://cloudfunctions.googleapis.com/v1/projects/nextjs-app-572a3/locations/us-central1/functions:generateUploadUrl {}
[debug] [2024-08-21T10:13:35.788Z] <<< [apiv2][status] POST https://cloudfunctions.googleapis.com/v1/projects/nextjs-app-572a3/locations/us-central1/functions:generateUploadUrl 200
[debug] [2024-08-21T10:13:35.788Z] <<< [apiv2][body] POST https://cloudfunctions.googleapis.com/v1/projects/nextjs-app-572a3/locations/us-central1/functions:generateUploadUrl {"uploadUrl":"https://storage.googleapis.com/uploads-936713015510.us-central1.cloudfunctions.appspot.com/ad5ca9b1-8143-4d19-a704-b44702d969b5.zip?GoogleAccessId=service-205014283789@gcf-admin-robot.iam.gserviceaccount.com&Expires=1724237015&Signature=VTpE2TBvA3CFfOnF%2FCQ8wSAamRvvJvZ1NgYyKrSuUte5UTX1GBeCkywOCeWtsl9msWYe3kqK35147AXEyMQtbSV5%2BDQ7f1D982ysfLzfwJIb%2BEVnbTRQ4T1xhiBJMkvKtl8TCNjaxO%2FujGuijS8BhMA8XW1Y%2BBxhmaE2pcz4kdm00hOeoxyt7wu4f6If9LPv7LpufH8YReIT5GWpXftsK%2B6sAmGH%2FWevlJUaIy7zCZsdyzg7iZu9zWP3r2G%2Be8DKtpzP6mMxdb1QyO%2BjyYVrmpCf501hpA4M0dAtU74yDSgN1uWNYx80WF%2FNNNsFJiXIZNSuHasSshFixN3pQGEBRg%3D%3D"}
[debug] [2024-08-21T10:13:35.789Z] >>> [apiv2][query] PUT https://storage.googleapis.com/uploads-936713015510.us-central1.cloudfunctions.appspot.com/ad5ca9b1-8143-4d19-a704-b44702d969b5.zip GoogleAccessId=service-205014283789%40gcf-admin-robot.iam.gserviceaccount.com&Expires=1724237015&Signature=VTpE2TBvA3CFfOnF%2FCQ8wSAamRvvJvZ1NgYyKrSuUte5UTX1GBeCkywOCeWtsl9msWYe3kqK35147AXEyMQtbSV5%2BDQ7f1D982ysfLzfwJIb%2BEVnbTRQ4T1xhiBJMkvKtl8TCNjaxO%2FujGuijS8BhMA8XW1Y%2BBxhmaE2pcz4kdm00hOeoxyt7wu4f6If9LPv7LpufH8YReIT5GWpXftsK%2B6sAmGH%2FWevlJUaIy7zCZsdyzg7iZu9zWP3r2G%2Be8DKtpzP6mMxdb1QyO%2BjyYVrmpCf501hpA4M0dAtU74yDSgN1uWNYx80WF%2FNNNsFJiXIZNSuHasSshFixN3pQGEBRg%3D%3D
[debug] [2024-08-21T10:13:35.789Z] >>> [apiv2][body] PUT https://storage.googleapis.com/uploads-936713015510.us-central1.cloudfunctions.appspot.com/ad5ca9b1-8143-4d19-a704-b44702d969b5.zip [stream]
[debug] [2024-08-21T10:13:41.416Z] <<< [apiv2][status] PUT https://storage.googleapis.com/uploads-936713015510.us-central1.cloudfunctions.appspot.com/ad5ca9b1-8143-4d19-a704-b44702d969b5.zip 200
[debug] [2024-08-21T10:13:41.416Z] <<< [apiv2][body] PUT https://storage.googleapis.com/uploads-936713015510.us-central1.cloudfunctions.appspot.com/ad5ca9b1-8143-4d19-a704-b44702d969b5.zip [omitted]
[info] +  functions: functions folder uploaded successfully 
[info] i  hosting[nextjs-app-572a3]: beginning deploy... 
[info] i  hosting[nextjs-app-572a3]: found 3 files in public 
[debug] [2024-08-21T10:13:41.455Z] [hosting] uploading with 200 concurrency
[debug] [2024-08-21T10:13:41.467Z] [hosting] hash cache [cHVibGlj] stored for 3 files
[debug] [2024-08-21T10:13:41.467Z] [hosting][hash queue][FINAL] {"max":3,"min":2,"avg":2,"active":0,"complete":3,"success":3,"errored":0,"retried":0,"total":3,"elapsed":5}
[debug] [2024-08-21T10:13:41.468Z] >>> [apiv2][query] POST https://firebasehosting.googleapis.com/v1beta1/projects/205014283789/sites/nextjs-app-572a3/versions/9c7e04886f0cba87:populateFiles [none]
[debug] [2024-08-21T10:13:41.468Z] >>> [apiv2][body] POST https://firebasehosting.googleapis.com/v1beta1/projects/205014283789/sites/nextjs-app-572a3/versions/9c7e04886f0cba87:populateFiles {"files":{"/vercel.svg":"41e95a86eeec887b8b898097594cf4c4bc5da8f58faf05830e1229d7dcbeea59","/next.svg":"0665b9ab4493aa9d7e988b57024e28772ae543e804b8cf6b0a3633854b7c3c7f","/404.html":"762bf484ba67404bd1a3b181546ea28d60dfddf18e9dd4795d8d25bcf3c1a890"}}
[debug] [2024-08-21T10:13:42.146Z] <<< [apiv2][status] POST https://firebasehosting.googleapis.com/v1beta1/projects/205014283789/sites/nextjs-app-572a3/versions/9c7e04886f0cba87:populateFiles 200
[debug] [2024-08-21T10:13:42.146Z] <<< [apiv2][body] POST https://firebasehosting.googleapis.com/v1beta1/projects/205014283789/sites/nextjs-app-572a3/versions/9c7e04886f0cba87:populateFiles {"uploadUrl":"https://upload-firebasehosting.googleapis.com/upload/sites/nextjs-app-572a3/versions/9c7e04886f0cba87/files"}
[debug] [2024-08-21T10:13:42.147Z] [hosting][populate queue][FINAL] {"max":682,"min":682,"avg":682,"active":0,"complete":1,"success":1,"errored":0,"retried":0,"total":1,"elapsed":682}
[debug] [2024-08-21T10:13:42.147Z] [hosting] uploads queued: 0
[debug] [2024-08-21T10:13:42.147Z] [hosting][upload queue][FINAL] {"max":0,"min":9999999999,"avg":0,"active":0,"complete":0,"success":0,"errored":0,"retried":0,"total":0,"elapsed":1724235222147}
[info] +  hosting[nextjs-app-572a3]: file upload complete 
[debug] [2024-08-21T10:13:42.149Z] [hosting] deploy completed after 728ms
[debug] [2024-08-21T10:13:42.251Z] >>> [apiv2][query] GET https://firebaseextensions.googleapis.com/v1beta/projects/nextjs-app-572a3/instances pageSize=100&pageToken=
[debug] [2024-08-21T10:13:43.536Z] <<< [apiv2][status] GET https://firebaseextensions.googleapis.com/v1beta/projects/nextjs-app-572a3/instances 200
[debug] [2024-08-21T10:13:43.537Z] <<< [apiv2][body] GET https://firebaseextensions.googleapis.com/v1beta/projects/nextjs-app-572a3/instances {}
[info] i  functions: updating Node.js 18 (1st Gen) function nextApp(us-central1)... 
[debug] [2024-08-21T10:13:43.549Z] >>> [apiv2][query] PATCH https://cloudfunctions.googleapis.com/v1/projects/nextjs-app-572a3/locations/us-central1/functions/nextApp updateMask=name%2CsourceUploadUrl%2CentryPoint%2Cruntime%2CdockerRegistry%2Clabels%2ChttpsTrigger.securityLevel%2CminInstances%2CmaxInstances%2CingressSettings%2CenvironmentVariables%2CserviceAccountEmail%2CavailableMemoryMb%2Ctimeout%2CvpcConnector%2CvpcConnectorEgressSettings%2CsourceToken%2CbuildEnvironmentVariables
[debug] [2024-08-21T10:13:43.549Z] >>> [apiv2][body] PATCH https://cloudfunctions.googleapis.com/v1/projects/nextjs-app-572a3/locations/us-central1/functions/nextApp {"name":"projects/nextjs-app-572a3/locations/us-central1/functions/nextApp","sourceUploadUrl":"https://storage.googleapis.com/uploads-936713015510.us-central1.cloudfunctions.appspot.com/ad5ca9b1-8143-4d19-a704-b44702d969b5.zip?GoogleAccessId=service-205014283789@gcf-admin-robot.iam.gserviceaccount.com&Expires=1724237015&Signature=VTpE2TBvA3CFfOnF%2FCQ8wSAamRvvJvZ1NgYyKrSuUte5UTX1GBeCkywOCeWtsl9msWYe3kqK35147AXEyMQtbSV5%2BDQ7f1D982ysfLzfwJIb%2BEVnbTRQ4T1xhiBJMkvKtl8TCNjaxO%2FujGuijS8BhMA8XW1Y%2BBxhmaE2pcz4kdm00hOeoxyt7wu4f6If9LPv7LpufH8YReIT5GWpXftsK%2B6sAmGH%2FWevlJUaIy7zCZsdyzg7iZu9zWP3r2G%2Be8DKtpzP6mMxdb1QyO%2BjyYVrmpCf501hpA4M0dAtU74yDSgN1uWNYx80WF%2FNNNsFJiXIZNSuHasSshFixN3pQGEBRg%3D%3D","entryPoint":"nextApp","runtime":"nodejs18","dockerRegistry":"ARTIFACT_REGISTRY","labels":{"deployment-tool":"cli-firebase","firebase-functions-hash":"e9f45904bc89c3d44e09eed5c197720fb071140d"},"httpsTrigger":{"securityLevel":"SECURE_ALWAYS"},"minInstances":null,"maxInstances":null,"ingressSettings":null,"environmentVariables":{"FIREBASE_CONFIG":"{\"projectId\":\"nextjs-app-572a3\",\"databaseURL\":\"https://nextjs-app-572a3-default-rtdb.asia-southeast1.firebasedatabase.app\",\"storageBucket\":\"nextjs-app-572a3.appspot.com\",\"locationId\":\"asia-southeast2\"}","GCLOUD_PROJECT":"nextjs-app-572a3","EVENTARC_CLOUD_EVENT_SOURCE":"projects/nextjs-app-572a3/locations/us-central1/functions/nextApp"},"serviceAccountEmail":null,"availableMemoryMb":null,"timeout":null,"vpcConnector":null,"vpcConnectorEgressSettings":null,"buildEnvironmentVariables":{"GOOGLE_NODE_RUN_SCRIPTS":""}}
[debug] [2024-08-21T10:13:44.242Z] <<< [apiv2][status] PATCH https://cloudfunctions.googleapis.com/v1/projects/nextjs-app-572a3/locations/us-central1/functions/nextApp 200
[debug] [2024-08-21T10:13:44.242Z] <<< [apiv2][body] PATCH https://cloudfunctions.googleapis.com/v1/projects/nextjs-app-572a3/locations/us-central1/functions/nextApp {"name":"operations/bmV4dGpzLWFwcC01NzJhMy91cy1jZW50cmFsMS9uZXh0QXBwL2V0cGQ2ZEtzNHZB","metadata":{"@type":"type.googleapis.com/google.cloud.functions.v1.OperationMetadataV1","target":"projects/nextjs-app-572a3/locations/us-central1/functions/nextApp","type":"UPDATE_FUNCTION","request":{"@type":"type.googleapis.com/google.cloud.functions.v1.CloudFunction","name":"projects/nextjs-app-572a3/locations/us-central1/functions/nextApp","httpsTrigger":{"url":"https://us-central1-nextjs-app-572a3.cloudfunctions.net/nextApp","securityLevel":"SECURE_ALWAYS"},"status":"ACTIVE","entryPoint":"nextApp","updateTime":"2024-08-21T09:59:48.338Z","versionId":"2","labels":{"deployment-tool":"cli-firebase","firebase-functions-hash":"e9f45904bc89c3d44e09eed5c197720fb071140d"},"sourceUploadUrl":"https://storage.googleapis.com/uploads-936713015510.us-central1.cloudfunctions.appspot.com/ad5ca9b1-8143-4d19-a704-b44702d969b5.zip?GoogleAccessId=service-205014283789@gcf-admin-robot.iam.gserviceaccount.com&Expires=1724237015&Signature=VTpE2TBvA3CFfOnF%2FCQ8wSAamRvvJvZ1NgYyKrSuUte5UTX1GBeCkywOCeWtsl9msWYe3kqK35147AXEyMQtbSV5%2BDQ7f1D982ysfLzfwJIb%2BEVnbTRQ4T1xhiBJMkvKtl8TCNjaxO%2FujGuijS8BhMA8XW1Y%2BBxhmaE2pcz4kdm00hOeoxyt7wu4f6If9LPv7LpufH8YReIT5GWpXftsK%2B6sAmGH%2FWevlJUaIy7zCZsdyzg7iZu9zWP3r2G%2Be8DKtpzP6mMxdb1QyO%2BjyYVrmpCf501hpA4M0dAtU74yDSgN1uWNYx80WF%2FNNNsFJiXIZNSuHasSshFixN3pQGEBRg%3D%3D","environmentVariables":{"FIREBASE_CONFIG":"{\"projectId\":\"nextjs-app-572a3\",\"databaseURL\":\"https://nextjs-app-572a3-default-rtdb.asia-southeast1.firebasedatabase.app\",\"storageBucket\":\"nextjs-app-572a3.appspot.com\",\"locationId\":\"asia-southeast2\"}","GCLOUD_PROJECT":"nextjs-app-572a3","EVENTARC_CLOUD_EVENT_SOURCE":"projects/nextjs-app-572a3/locations/us-central1/functions/nextApp"},"runtime":"nodejs18","buildId":"1da2a6d8-5e5c-49e8-88fb-01136eaca12c","buildEnvironmentVariables":{"GOOGLE_NODE_RUN_SCRIPTS":""},"buildName":"projects/205014283789/locations/us-central1/builds/1da2a6d8-5e5c-49e8-88fb-01136eaca12c","dockerRegistry":"ARTIFACT_REGISTRY","automaticUpdatePolicy":{},"buildServiceAccount":"205014283789-compute@developer.gserviceaccount.com"},"versionId":"3","updateTime":"2024-08-21T10:13:44Z"}}
[debug] [2024-08-21T10:13:44.243Z] >>> [apiv2][query] GET https://cloudfunctions.googleapis.com/v1/operations/bmV4dGpzLWFwcC01NzJhMy91cy1jZW50cmFsMS9uZXh0QXBwL2V0cGQ2ZEtzNHZB [none]
[debug] [2024-08-21T10:13:44.569Z] <<< [apiv2][status] GET https://cloudfunctions.googleapis.com/v1/operations/bmV4dGpzLWFwcC01NzJhMy91cy1jZW50cmFsMS9uZXh0QXBwL2V0cGQ2ZEtzNHZB 200
[debug] [2024-08-21T10:13:44.570Z] <<< [apiv2][body] GET https://cloudfunctions.googleapis.com/v1/operations/bmV4dGpzLWFwcC01NzJhMy91cy1jZW50cmFsMS9uZXh0QXBwL2V0cGQ2ZEtzNHZB {"name":"operations/bmV4dGpzLWFwcC01NzJhMy91cy1jZW50cmFsMS9uZXh0QXBwL2V0cGQ2ZEtzNHZB","metadata":{"@type":"type.googleapis.com/google.cloud.functions.v1.OperationMetadataV1","target":"projects/nextjs-app-572a3/locations/us-central1/functions/nextApp","type":"UPDATE_FUNCTION","request":{"@type":"type.googleapis.com/google.cloud.functions.v1.CloudFunction","name":"projects/nextjs-app-572a3/locations/us-central1/functions/nextApp","httpsTrigger":{"url":"https://us-central1-nextjs-app-572a3.cloudfunctions.net/nextApp","securityLevel":"SECURE_ALWAYS"},"status":"ACTIVE","entryPoint":"nextApp","updateTime":"2024-08-21T09:59:48.338Z","versionId":"2","labels":{"deployment-tool":"cli-firebase","firebase-functions-hash":"e9f45904bc89c3d44e09eed5c197720fb071140d"},"sourceUploadUrl":"https://storage.googleapis.com/uploads-936713015510.us-central1.cloudfunctions.appspot.com/ad5ca9b1-8143-4d19-a704-b44702d969b5.zip?GoogleAccessId=service-205014283789@gcf-admin-robot.iam.gserviceaccount.com&Expires=1724237015&Signature=VTpE2TBvA3CFfOnF%2FCQ8wSAamRvvJvZ1NgYyKrSuUte5UTX1GBeCkywOCeWtsl9msWYe3kqK35147AXEyMQtbSV5%2BDQ7f1D982ysfLzfwJIb%2BEVnbTRQ4T1xhiBJMkvKtl8TCNjaxO%2FujGuijS8BhMA8XW1Y%2BBxhmaE2pcz4kdm00hOeoxyt7wu4f6If9LPv7LpufH8YReIT5GWpXftsK%2B6sAmGH%2FWevlJUaIy7zCZsdyzg7iZu9zWP3r2G%2Be8DKtpzP6mMxdb1QyO%2BjyYVrmpCf501hpA4M0dAtU74yDSgN1uWNYx80WF%2FNNNsFJiXIZNSuHasSshFixN3pQGEBRg%3D%3D","environmentVariables":{"FIREBASE_CONFIG":"{\"projectId\":\"nextjs-app-572a3\",\"databaseURL\":\"https://nextjs-app-572a3-default-rtdb.asia-southeast1.firebasedatabase.app\",\"storageBucket\":\"nextjs-app-572a3.appspot.com\",\"locationId\":\"asia-southeast2\"}","GCLOUD_PROJECT":"nextjs-app-572a3","EVENTARC_CLOUD_EVENT_SOURCE":"projects/nextjs-app-572a3/locations/us-central1/functions/nextApp"},"runtime":"nodejs18","buildId":"1da2a6d8-5e5c-49e8-88fb-01136eaca12c","buildEnvironmentVariables":{"GOOGLE_NODE_RUN_SCRIPTS":""},"buildName":"projects/205014283789/locations/us-central1/builds/1da2a6d8-5e5c-49e8-88fb-01136eaca12c","dockerRegistry":"ARTIFACT_REGISTRY","automaticUpdatePolicy":{},"buildServiceAccount":"205014283789-compute@developer.gserviceaccount.com"},"versionId":"3","updateTime":"2024-08-21T10:13:44Z"}}
[debug] [2024-08-21T10:13:45.076Z] [update-default-us-central1-nextApp] Retrying task index 0
[debug] [2024-08-21T10:13:45.076Z] >>> [apiv2][query] GET https://cloudfunctions.googleapis.com/v1/operations/bmV4dGpzLWFwcC01NzJhMy91cy1jZW50cmFsMS9uZXh0QXBwL2V0cGQ2ZEtzNHZB [none]
[debug] [2024-08-21T10:13:45.426Z] <<< [apiv2][status] GET https://cloudfunctions.googleapis.com/v1/operations/bmV4dGpzLWFwcC01NzJhMy91cy1jZW50cmFsMS9uZXh0QXBwL2V0cGQ2ZEtzNHZB 200
[debug] [2024-08-21T10:13:45.426Z] <<< [apiv2][body] GET https://cloudfunctions.googleapis.com/v1/operations/bmV4dGpzLWFwcC01NzJhMy91cy1jZW50cmFsMS9uZXh0QXBwL2V0cGQ2ZEtzNHZB {"name":"operations/bmV4dGpzLWFwcC01NzJhMy91cy1jZW50cmFsMS9uZXh0QXBwL2V0cGQ2ZEtzNHZB","metadata":{"@type":"type.googleapis.com/google.cloud.functions.v1.OperationMetadataV1","target":"projects/nextjs-app-572a3/locations/us-central1/functions/nextApp","type":"UPDATE_FUNCTION","request":{"@type":"type.googleapis.com/google.cloud.functions.v1.CloudFunction","name":"projects/nextjs-app-572a3/locations/us-central1/functions/nextApp","httpsTrigger":{"url":"https://us-central1-nextjs-app-572a3.cloudfunctions.net/nextApp","securityLevel":"SECURE_ALWAYS"},"status":"ACTIVE","entryPoint":"nextApp","updateTime":"2024-08-21T09:59:48.338Z","versionId":"2","labels":{"deployment-tool":"cli-firebase","firebase-functions-hash":"e9f45904bc89c3d44e09eed5c197720fb071140d"},"sourceUploadUrl":"https://storage.googleapis.com/uploads-936713015510.us-central1.cloudfunctions.appspot.com/ad5ca9b1-8143-4d19-a704-b44702d969b5.zip?GoogleAccessId=service-205014283789@gcf-admin-robot.iam.gserviceaccount.com&Expires=1724237015&Signature=VTpE2TBvA3CFfOnF%2FCQ8wSAamRvvJvZ1NgYyKrSuUte5UTX1GBeCkywOCeWtsl9msWYe3kqK35147AXEyMQtbSV5%2BDQ7f1D982ysfLzfwJIb%2BEVnbTRQ4T1xhiBJMkvKtl8TCNjaxO%2FujGuijS8BhMA8XW1Y%2BBxhmaE2pcz4kdm00hOeoxyt7wu4f6If9LPv7LpufH8YReIT5GWpXftsK%2B6sAmGH%2FWevlJUaIy7zCZsdyzg7iZu9zWP3r2G%2Be8DKtpzP6mMxdb1QyO%2BjyYVrmpCf501hpA4M0dAtU74yDSgN1uWNYx80WF%2FNNNsFJiXIZNSuHasSshFixN3pQGEBRg%3D%3D","environmentVariables":{"FIREBASE_CONFIG":"{\"projectId\":\"nextjs-app-572a3\",\"databaseURL\":\"https://nextjs-app-572a3-default-rtdb.asia-southeast1.firebasedatabase.app\",\"storageBucket\":\"nextjs-app-572a3.appspot.com\",\"locationId\":\"asia-southeast2\"}","GCLOUD_PROJECT":"nextjs-app-572a3","EVENTARC_CLOUD_EVENT_SOURCE":"projects/nextjs-app-572a3/locations/us-central1/functions/nextApp"},"runtime":"nodejs18","buildId":"1da2a6d8-5e5c-49e8-88fb-01136eaca12c","buildEnvironmentVariables":{"GOOGLE_NODE_RUN_SCRIPTS":""},"buildName":"projects/205014283789/locations/us-central1/builds/1da2a6d8-5e5c-49e8-88fb-01136eaca12c","dockerRegistry":"ARTIFACT_REGISTRY","automaticUpdatePolicy":{},"buildServiceAccount":"205014283789-compute@developer.gserviceaccount.com"},"versionId":"3","updateTime":"2024-08-21T10:13:44Z","buildId":"e2dd5ee1-53e9-4921-990b-8eb2e4eff043","buildName":"projects/205014283789/locations/us-central1/builds/e2dd5ee1-53e9-4921-990b-8eb2e4eff043"}}
[debug] [2024-08-21T10:13:46.436Z] [update-default-us-central1-nextApp] Retrying task index 0
[debug] [2024-08-21T10:13:46.436Z] >>> [apiv2][query] GET https://cloudfunctions.googleapis.com/v1/operations/bmV4dGpzLWFwcC01NzJhMy91cy1jZW50cmFsMS9uZXh0QXBwL2V0cGQ2ZEtzNHZB [none]
[debug] [2024-08-21T10:13:46.757Z] <<< [apiv2][status] GET https://cloudfunctions.googleapis.com/v1/operations/bmV4dGpzLWFwcC01NzJhMy91cy1jZW50cmFsMS9uZXh0QXBwL2V0cGQ2ZEtzNHZB 200
[debug] [2024-08-21T10:13:46.757Z] <<< [apiv2][body] GET https://cloudfunctions.googleapis.com/v1/operations/bmV4dGpzLWFwcC01NzJhMy91cy1jZW50cmFsMS9uZXh0QXBwL2V0cGQ2ZEtzNHZB {"name":"operations/bmV4dGpzLWFwcC01NzJhMy91cy1jZW50cmFsMS9uZXh0QXBwL2V0cGQ2ZEtzNHZB","metadata":{"@type":"type.googleapis.com/google.cloud.functions.v1.OperationMetadataV1","target":"projects/nextjs-app-572a3/locations/us-central1/functions/nextApp","type":"UPDATE_FUNCTION","request":{"@type":"type.googleapis.com/google.cloud.functions.v1.CloudFunction","name":"projects/nextjs-app-572a3/locations/us-central1/functions/nextApp","httpsTrigger":{"url":"https://us-central1-nextjs-app-572a3.cloudfunctions.net/nextApp","securityLevel":"SECURE_ALWAYS"},"status":"ACTIVE","entryPoint":"nextApp","updateTime":"2024-08-21T09:59:48.338Z","versionId":"2","labels":{"deployment-tool":"cli-firebase","firebase-functions-hash":"e9f45904bc89c3d44e09eed5c197720fb071140d"},"sourceUploadUrl":"https://storage.googleapis.com/uploads-936713015510.us-central1.cloudfunctions.appspot.com/ad5ca9b1-8143-4d19-a704-b44702d969b5.zip?GoogleAccessId=service-205014283789@gcf-admin-robot.iam.gserviceaccount.com&Expires=1724237015&Signature=VTpE2TBvA3CFfOnF%2FCQ8wSAamRvvJvZ1NgYyKrSuUte5UTX1GBeCkywOCeWtsl9msWYe3kqK35147AXEyMQtbSV5%2BDQ7f1D982ysfLzfwJIb%2BEVnbTRQ4T1xhiBJMkvKtl8TCNjaxO%2FujGuijS8BhMA8XW1Y%2BBxhmaE2pcz4kdm00hOeoxyt7wu4f6If9LPv7LpufH8YReIT5GWpXftsK%2B6sAmGH%2FWevlJUaIy7zCZsdyzg7iZu9zWP3r2G%2Be8DKtpzP6mMxdb1QyO%2BjyYVrmpCf501hpA4M0dAtU74yDSgN1uWNYx80WF%2FNNNsFJiXIZNSuHasSshFixN3pQGEBRg%3D%3D","environmentVariables":{"FIREBASE_CONFIG":"{\"projectId\":\"nextjs-app-572a3\",\"databaseURL\":\"https://nextjs-app-572a3-default-rtdb.asia-southeast1.firebasedatabase.app\",\"storageBucket\":\"nextjs-app-572a3.appspot.com\",\"locationId\":\"asia-southeast2\"}","GCLOUD_PROJECT":"nextjs-app-572a3","EVENTARC_CLOUD_EVENT_SOURCE":"projects/nextjs-app-572a3/locations/us-central1/functions/nextApp"},"runtime":"nodejs18","buildId":"1da2a6d8-5e5c-49e8-88fb-01136eaca12c","buildEnvironmentVariables":{"GOOGLE_NODE_RUN_SCRIPTS":""},"buildName":"projects/205014283789/locations/us-central1/builds/1da2a6d8-5e5c-49e8-88fb-01136eaca12c","dockerRegistry":"ARTIFACT_REGISTRY","automaticUpdatePolicy":{},"buildServiceAccount":"205014283789-compute@developer.gserviceaccount.com"},"versionId":"3","updateTime":"2024-08-21T10:13:44Z","buildId":"e2dd5ee1-53e9-4921-990b-8eb2e4eff043","buildName":"projects/205014283789/locations/us-central1/builds/e2dd5ee1-53e9-4921-990b-8eb2e4eff043"}}
[debug] [2024-08-21T10:13:48.763Z] [update-default-us-central1-nextApp] Retrying task index 0
[debug] [2024-08-21T10:13:48.763Z] >>> [apiv2][query] GET https://cloudfunctions.googleapis.com/v1/operations/bmV4dGpzLWFwcC01NzJhMy91cy1jZW50cmFsMS9uZXh0QXBwL2V0cGQ2ZEtzNHZB [none]
[debug] [2024-08-21T10:13:49.058Z] <<< [apiv2][status] GET https://cloudfunctions.googleapis.com/v1/operations/bmV4dGpzLWFwcC01NzJhMy91cy1jZW50cmFsMS9uZXh0QXBwL2V0cGQ2ZEtzNHZB 200
[debug] [2024-08-21T10:13:49.058Z] <<< [apiv2][body] GET https://cloudfunctions.googleapis.com/v1/operations/bmV4dGpzLWFwcC01NzJhMy91cy1jZW50cmFsMS9uZXh0QXBwL2V0cGQ2ZEtzNHZB {"name":"operations/bmV4dGpzLWFwcC01NzJhMy91cy1jZW50cmFsMS9uZXh0QXBwL2V0cGQ2ZEtzNHZB","metadata":{"@type":"type.googleapis.com/google.cloud.functions.v1.OperationMetadataV1","target":"projects/nextjs-app-572a3/locations/us-central1/functions/nextApp","type":"UPDATE_FUNCTION","request":{"@type":"type.googleapis.com/google.cloud.functions.v1.CloudFunction","name":"projects/nextjs-app-572a3/locations/us-central1/functions/nextApp","httpsTrigger":{"url":"https://us-central1-nextjs-app-572a3.cloudfunctions.net/nextApp","securityLevel":"SECURE_ALWAYS"},"status":"ACTIVE","entryPoint":"nextApp","updateTime":"2024-08-21T09:59:48.338Z","versionId":"2","labels":{"deployment-tool":"cli-firebase","firebase-functions-hash":"e9f45904bc89c3d44e09eed5c197720fb071140d"},"sourceUploadUrl":"https://storage.googleapis.com/uploads-936713015510.us-central1.cloudfunctions.appspot.com/ad5ca9b1-8143-4d19-a704-b44702d969b5.zip?GoogleAccessId=service-205014283789@gcf-admin-robot.iam.gserviceaccount.com&Expires=1724237015&Signature=VTpE2TBvA3CFfOnF%2FCQ8wSAamRvvJvZ1NgYyKrSuUte5UTX1GBeCkywOCeWtsl9msWYe3kqK35147AXEyMQtbSV5%2BDQ7f1D982ysfLzfwJIb%2BEVnbTRQ4T1xhiBJMkvKtl8TCNjaxO%2FujGuijS8BhMA8XW1Y%2BBxhmaE2pcz4kdm00hOeoxyt7wu4f6If9LPv7LpufH8YReIT5GWpXftsK%2B6sAmGH%2FWevlJUaIy7zCZsdyzg7iZu9zWP3r2G%2Be8DKtpzP6mMxdb1QyO%2BjyYVrmpCf501hpA4M0dAtU74yDSgN1uWNYx80WF%2FNNNsFJiXIZNSuHasSshFixN3pQGEBRg%3D%3D","environmentVariables":{"FIREBASE_CONFIG":"{\"projectId\":\"nextjs-app-572a3\",\"databaseURL\":\"https://nextjs-app-572a3-default-rtdb.asia-southeast1.firebasedatabase.app\",\"storageBucket\":\"nextjs-app-572a3.appspot.com\",\"locationId\":\"asia-southeast2\"}","GCLOUD_PROJECT":"nextjs-app-572a3","EVENTARC_CLOUD_EVENT_SOURCE":"projects/nextjs-app-572a3/locations/us-central1/functions/nextApp"},"runtime":"nodejs18","buildId":"1da2a6d8-5e5c-49e8-88fb-01136eaca12c","buildEnvironmentVariables":{"GOOGLE_NODE_RUN_SCRIPTS":""},"buildName":"projects/205014283789/locations/us-central1/builds/1da2a6d8-5e5c-49e8-88fb-01136eaca12c","dockerRegistry":"ARTIFACT_REGISTRY","automaticUpdatePolicy":{},"buildServiceAccount":"205014283789-compute@developer.gserviceaccount.com"},"versionId":"3","updateTime":"2024-08-21T10:13:44Z","buildId":"e2dd5ee1-53e9-4921-990b-8eb2e4eff043","buildName":"projects/205014283789/locations/us-central1/builds/e2dd5ee1-53e9-4921-990b-8eb2e4eff043"}}
[debug] [2024-08-21T10:13:53.064Z] [update-default-us-central1-nextApp] Retrying task index 0
[debug] [2024-08-21T10:13:53.064Z] >>> [apiv2][query] GET https://cloudfunctions.googleapis.com/v1/operations/bmV4dGpzLWFwcC01NzJhMy91cy1jZW50cmFsMS9uZXh0QXBwL2V0cGQ2ZEtzNHZB [none]
[debug] [2024-08-21T10:13:53.369Z] <<< [apiv2][status] GET https://cloudfunctions.googleapis.com/v1/operations/bmV4dGpzLWFwcC01NzJhMy91cy1jZW50cmFsMS9uZXh0QXBwL2V0cGQ2ZEtzNHZB 200
[debug] [2024-08-21T10:13:53.370Z] <<< [apiv2][body] GET https://cloudfunctions.googleapis.com/v1/operations/bmV4dGpzLWFwcC01NzJhMy91cy1jZW50cmFsMS9uZXh0QXBwL2V0cGQ2ZEtzNHZB {"name":"operations/bmV4dGpzLWFwcC01NzJhMy91cy1jZW50cmFsMS9uZXh0QXBwL2V0cGQ2ZEtzNHZB","metadata":{"@type":"type.googleapis.com/google.cloud.functions.v1.OperationMetadataV1","target":"projects/nextjs-app-572a3/locations/us-central1/functions/nextApp","type":"UPDATE_FUNCTION","request":{"@type":"type.googleapis.com/google.cloud.functions.v1.CloudFunction","name":"projects/nextjs-app-572a3/locations/us-central1/functions/nextApp","httpsTrigger":{"url":"https://us-central1-nextjs-app-572a3.cloudfunctions.net/nextApp","securityLevel":"SECURE_ALWAYS"},"status":"ACTIVE","entryPoint":"nextApp","updateTime":"2024-08-21T09:59:48.338Z","versionId":"2","labels":{"deployment-tool":"cli-firebase","firebase-functions-hash":"e9f45904bc89c3d44e09eed5c197720fb071140d"},"sourceUploadUrl":"https://storage.googleapis.com/uploads-936713015510.us-central1.cloudfunctions.appspot.com/ad5ca9b1-8143-4d19-a704-b44702d969b5.zip?GoogleAccessId=service-205014283789@gcf-admin-robot.iam.gserviceaccount.com&Expires=1724237015&Signature=VTpE2TBvA3CFfOnF%2FCQ8wSAamRvvJvZ1NgYyKrSuUte5UTX1GBeCkywOCeWtsl9msWYe3kqK35147AXEyMQtbSV5%2BDQ7f1D982ysfLzfwJIb%2BEVnbTRQ4T1xhiBJMkvKtl8TCNjaxO%2FujGuijS8BhMA8XW1Y%2BBxhmaE2pcz4kdm00hOeoxyt7wu4f6If9LPv7LpufH8YReIT5GWpXftsK%2B6sAmGH%2FWevlJUaIy7zCZsdyzg7iZu9zWP3r2G%2Be8DKtpzP6mMxdb1QyO%2BjyYVrmpCf501hpA4M0dAtU74yDSgN1uWNYx80WF%2FNNNsFJiXIZNSuHasSshFixN3pQGEBRg%3D%3D","environmentVariables":{"FIREBASE_CONFIG":"{\"projectId\":\"nextjs-app-572a3\",\"databaseURL\":\"https://nextjs-app-572a3-default-rtdb.asia-southeast1.firebasedatabase.app\",\"storageBucket\":\"nextjs-app-572a3.appspot.com\",\"locationId\":\"asia-southeast2\"}","GCLOUD_PROJECT":"nextjs-app-572a3","EVENTARC_CLOUD_EVENT_SOURCE":"projects/nextjs-app-572a3/locations/us-central1/functions/nextApp"},"runtime":"nodejs18","buildId":"1da2a6d8-5e5c-49e8-88fb-01136eaca12c","buildEnvironmentVariables":{"GOOGLE_NODE_RUN_SCRIPTS":""},"buildName":"projects/205014283789/locations/us-central1/builds/1da2a6d8-5e5c-49e8-88fb-01136eaca12c","dockerRegistry":"ARTIFACT_REGISTRY","automaticUpdatePolicy":{},"buildServiceAccount":"205014283789-compute@developer.gserviceaccount.com"},"versionId":"3","updateTime":"2024-08-21T10:13:44Z","buildId":"e2dd5ee1-53e9-4921-990b-8eb2e4eff043","buildName":"projects/205014283789/locations/us-central1/builds/e2dd5ee1-53e9-4921-990b-8eb2e4eff043"}}
[debug] [2024-08-21T10:14:01.385Z] [update-default-us-central1-nextApp] Retrying task index 0
[debug] [2024-08-21T10:14:01.385Z] >>> [apiv2][query] GET https://cloudfunctions.googleapis.com/v1/operations/bmV4dGpzLWFwcC01NzJhMy91cy1jZW50cmFsMS9uZXh0QXBwL2V0cGQ2ZEtzNHZB [none]
[debug] [2024-08-21T10:14:01.883Z] <<< [apiv2][status] GET https://cloudfunctions.googleapis.com/v1/operations/bmV4dGpzLWFwcC01NzJhMy91cy1jZW50cmFsMS9uZXh0QXBwL2V0cGQ2ZEtzNHZB 200
[debug] [2024-08-21T10:14:01.883Z] <<< [apiv2][body] GET https://cloudfunctions.googleapis.com/v1/operations/bmV4dGpzLWFwcC01NzJhMy91cy1jZW50cmFsMS9uZXh0QXBwL2V0cGQ2ZEtzNHZB {"name":"operations/bmV4dGpzLWFwcC01NzJhMy91cy1jZW50cmFsMS9uZXh0QXBwL2V0cGQ2ZEtzNHZB","metadata":{"@type":"type.googleapis.com/google.cloud.functions.v1.OperationMetadataV1","target":"projects/nextjs-app-572a3/locations/us-central1/functions/nextApp","type":"UPDATE_FUNCTION","request":{"@type":"type.googleapis.com/google.cloud.functions.v1.CloudFunction","name":"projects/nextjs-app-572a3/locations/us-central1/functions/nextApp","httpsTrigger":{"url":"https://us-central1-nextjs-app-572a3.cloudfunctions.net/nextApp","securityLevel":"SECURE_ALWAYS"},"status":"ACTIVE","entryPoint":"nextApp","updateTime":"2024-08-21T09:59:48.338Z","versionId":"2","labels":{"deployment-tool":"cli-firebase","firebase-functions-hash":"e9f45904bc89c3d44e09eed5c197720fb071140d"},"sourceUploadUrl":"https://storage.googleapis.com/uploads-936713015510.us-central1.cloudfunctions.appspot.com/ad5ca9b1-8143-4d19-a704-b44702d969b5.zip?GoogleAccessId=service-205014283789@gcf-admin-robot.iam.gserviceaccount.com&Expires=1724237015&Signature=VTpE2TBvA3CFfOnF%2FCQ8wSAamRvvJvZ1NgYyKrSuUte5UTX1GBeCkywOCeWtsl9msWYe3kqK35147AXEyMQtbSV5%2BDQ7f1D982ysfLzfwJIb%2BEVnbTRQ4T1xhiBJMkvKtl8TCNjaxO%2FujGuijS8BhMA8XW1Y%2BBxhmaE2pcz4kdm00hOeoxyt7wu4f6If9LPv7LpufH8YReIT5GWpXftsK%2B6sAmGH%2FWevlJUaIy7zCZsdyzg7iZu9zWP3r2G%2Be8DKtpzP6mMxdb1QyO%2BjyYVrmpCf501hpA4M0dAtU74yDSgN1uWNYx80WF%2FNNNsFJiXIZNSuHasSshFixN3pQGEBRg%3D%3D","environmentVariables":{"FIREBASE_CONFIG":"{\"projectId\":\"nextjs-app-572a3\",\"databaseURL\":\"https://nextjs-app-572a3-default-rtdb.asia-southeast1.firebasedatabase.app\",\"storageBucket\":\"nextjs-app-572a3.appspot.com\",\"locationId\":\"asia-southeast2\"}","GCLOUD_PROJECT":"nextjs-app-572a3","EVENTARC_CLOUD_EVENT_SOURCE":"projects/nextjs-app-572a3/locations/us-central1/functions/nextApp"},"runtime":"nodejs18","buildId":"1da2a6d8-5e5c-49e8-88fb-01136eaca12c","buildEnvironmentVariables":{"GOOGLE_NODE_RUN_SCRIPTS":""},"buildName":"projects/205014283789/locations/us-central1/builds/1da2a6d8-5e5c-49e8-88fb-01136eaca12c","dockerRegistry":"ARTIFACT_REGISTRY","automaticUpdatePolicy":{},"buildServiceAccount":"205014283789-compute@developer.gserviceaccount.com"},"versionId":"3","updateTime":"2024-08-21T10:13:44Z","buildId":"e2dd5ee1-53e9-4921-990b-8eb2e4eff043","buildName":"projects/205014283789/locations/us-central1/builds/e2dd5ee1-53e9-4921-990b-8eb2e4eff043"}}
[debug] [2024-08-21T10:14:11.898Z] [update-default-us-central1-nextApp] Retrying task index 0
[debug] [2024-08-21T10:14:11.899Z] >>> [apiv2][query] GET https://cloudfunctions.googleapis.com/v1/operations/bmV4dGpzLWFwcC01NzJhMy91cy1jZW50cmFsMS9uZXh0QXBwL2V0cGQ2ZEtzNHZB [none]
[debug] [2024-08-21T10:14:12.428Z] <<< [apiv2][status] GET https://cloudfunctions.googleapis.com/v1/operations/bmV4dGpzLWFwcC01NzJhMy91cy1jZW50cmFsMS9uZXh0QXBwL2V0cGQ2ZEtzNHZB 200
[debug] [2024-08-21T10:14:12.429Z] <<< [apiv2][body] GET https://cloudfunctions.googleapis.com/v1/operations/bmV4dGpzLWFwcC01NzJhMy91cy1jZW50cmFsMS9uZXh0QXBwL2V0cGQ2ZEtzNHZB {"name":"operations/bmV4dGpzLWFwcC01NzJhMy91cy1jZW50cmFsMS9uZXh0QXBwL2V0cGQ2ZEtzNHZB","metadata":{"@type":"type.googleapis.com/google.cloud.functions.v1.OperationMetadataV1","target":"projects/nextjs-app-572a3/locations/us-central1/functions/nextApp","type":"UPDATE_FUNCTION","request":{"@type":"type.googleapis.com/google.cloud.functions.v1.CloudFunction","name":"projects/nextjs-app-572a3/locations/us-central1/functions/nextApp","httpsTrigger":{"url":"https://us-central1-nextjs-app-572a3.cloudfunctions.net/nextApp","securityLevel":"SECURE_ALWAYS"},"status":"ACTIVE","entryPoint":"nextApp","updateTime":"2024-08-21T09:59:48.338Z","versionId":"2","labels":{"deployment-tool":"cli-firebase","firebase-functions-hash":"e9f45904bc89c3d44e09eed5c197720fb071140d"},"sourceUploadUrl":"https://storage.googleapis.com/uploads-936713015510.us-central1.cloudfunctions.appspot.com/ad5ca9b1-8143-4d19-a704-b44702d969b5.zip?GoogleAccessId=service-205014283789@gcf-admin-robot.iam.gserviceaccount.com&Expires=1724237015&Signature=VTpE2TBvA3CFfOnF%2FCQ8wSAamRvvJvZ1NgYyKrSuUte5UTX1GBeCkywOCeWtsl9msWYe3kqK35147AXEyMQtbSV5%2BDQ7f1D982ysfLzfwJIb%2BEVnbTRQ4T1xhiBJMkvKtl8TCNjaxO%2FujGuijS8BhMA8XW1Y%2BBxhmaE2pcz4kdm00hOeoxyt7wu4f6If9LPv7LpufH8YReIT5GWpXftsK%2B6sAmGH%2FWevlJUaIy7zCZsdyzg7iZu9zWP3r2G%2Be8DKtpzP6mMxdb1QyO%2BjyYVrmpCf501hpA4M0dAtU74yDSgN1uWNYx80WF%2FNNNsFJiXIZNSuHasSshFixN3pQGEBRg%3D%3D","environmentVariables":{"FIREBASE_CONFIG":"{\"projectId\":\"nextjs-app-572a3\",\"databaseURL\":\"https://nextjs-app-572a3-default-rtdb.asia-southeast1.firebasedatabase.app\",\"storageBucket\":\"nextjs-app-572a3.appspot.com\",\"locationId\":\"asia-southeast2\"}","GCLOUD_PROJECT":"nextjs-app-572a3","EVENTARC_CLOUD_EVENT_SOURCE":"projects/nextjs-app-572a3/locations/us-central1/functions/nextApp"},"runtime":"nodejs18","buildId":"1da2a6d8-5e5c-49e8-88fb-01136eaca12c","buildEnvironmentVariables":{"GOOGLE_NODE_RUN_SCRIPTS":""},"buildName":"projects/205014283789/locations/us-central1/builds/1da2a6d8-5e5c-49e8-88fb-01136eaca12c","dockerRegistry":"ARTIFACT_REGISTRY","automaticUpdatePolicy":{},"buildServiceAccount":"205014283789-compute@developer.gserviceaccount.com"},"versionId":"3","updateTime":"2024-08-21T10:13:44Z","buildId":"e2dd5ee1-53e9-4921-990b-8eb2e4eff043","buildName":"projects/205014283789/locations/us-central1/builds/e2dd5ee1-53e9-4921-990b-8eb2e4eff043"}}
[debug] [2024-08-21T10:14:22.441Z] [update-default-us-central1-nextApp] Retrying task index 0
[debug] [2024-08-21T10:14:22.442Z] >>> [apiv2][query] GET https://cloudfunctions.googleapis.com/v1/operations/bmV4dGpzLWFwcC01NzJhMy91cy1jZW50cmFsMS9uZXh0QXBwL2V0cGQ2ZEtzNHZB [none]
[debug] [2024-08-21T10:14:22.817Z] <<< [apiv2][status] GET https://cloudfunctions.googleapis.com/v1/operations/bmV4dGpzLWFwcC01NzJhMy91cy1jZW50cmFsMS9uZXh0QXBwL2V0cGQ2ZEtzNHZB 200
[debug] [2024-08-21T10:14:22.817Z] <<< [apiv2][body] GET https://cloudfunctions.googleapis.com/v1/operations/bmV4dGpzLWFwcC01NzJhMy91cy1jZW50cmFsMS9uZXh0QXBwL2V0cGQ2ZEtzNHZB {"name":"operations/bmV4dGpzLWFwcC01NzJhMy91cy1jZW50cmFsMS9uZXh0QXBwL2V0cGQ2ZEtzNHZB","metadata":{"@type":"type.googleapis.com/google.cloud.functions.v1.OperationMetadataV1","target":"projects/nextjs-app-572a3/locations/us-central1/functions/nextApp","type":"UPDATE_FUNCTION","request":{"@type":"type.googleapis.com/google.cloud.functions.v1.CloudFunction","name":"projects/nextjs-app-572a3/locations/us-central1/functions/nextApp","httpsTrigger":{"url":"https://us-central1-nextjs-app-572a3.cloudfunctions.net/nextApp","securityLevel":"SECURE_ALWAYS"},"status":"ACTIVE","entryPoint":"nextApp","updateTime":"2024-08-21T09:59:48.338Z","versionId":"2","labels":{"deployment-tool":"cli-firebase","firebase-functions-hash":"e9f45904bc89c3d44e09eed5c197720fb071140d"},"sourceUploadUrl":"https://storage.googleapis.com/uploads-936713015510.us-central1.cloudfunctions.appspot.com/ad5ca9b1-8143-4d19-a704-b44702d969b5.zip?GoogleAccessId=service-205014283789@gcf-admin-robot.iam.gserviceaccount.com&Expires=1724237015&Signature=VTpE2TBvA3CFfOnF%2FCQ8wSAamRvvJvZ1NgYyKrSuUte5UTX1GBeCkywOCeWtsl9msWYe3kqK35147AXEyMQtbSV5%2BDQ7f1D982ysfLzfwJIb%2BEVnbTRQ4T1xhiBJMkvKtl8TCNjaxO%2FujGuijS8BhMA8XW1Y%2BBxhmaE2pcz4kdm00hOeoxyt7wu4f6If9LPv7LpufH8YReIT5GWpXftsK%2B6sAmGH%2FWevlJUaIy7zCZsdyzg7iZu9zWP3r2G%2Be8DKtpzP6mMxdb1QyO%2BjyYVrmpCf501hpA4M0dAtU74yDSgN1uWNYx80WF%2FNNNsFJiXIZNSuHasSshFixN3pQGEBRg%3D%3D","environmentVariables":{"FIREBASE_CONFIG":"{\"projectId\":\"nextjs-app-572a3\",\"databaseURL\":\"https://nextjs-app-572a3-default-rtdb.asia-southeast1.firebasedatabase.app\",\"storageBucket\":\"nextjs-app-572a3.appspot.com\",\"locationId\":\"asia-southeast2\"}","GCLOUD_PROJECT":"nextjs-app-572a3","EVENTARC_CLOUD_EVENT_SOURCE":"projects/nextjs-app-572a3/locations/us-central1/functions/nextApp"},"runtime":"nodejs18","buildId":"1da2a6d8-5e5c-49e8-88fb-01136eaca12c","buildEnvironmentVariables":{"GOOGLE_NODE_RUN_SCRIPTS":""},"buildName":"projects/205014283789/locations/us-central1/builds/1da2a6d8-5e5c-49e8-88fb-01136eaca12c","dockerRegistry":"ARTIFACT_REGISTRY","automaticUpdatePolicy":{},"buildServiceAccount":"205014283789-compute@developer.gserviceaccount.com"},"versionId":"3","updateTime":"2024-08-21T10:13:44Z","buildId":"e2dd5ee1-53e9-4921-990b-8eb2e4eff043","buildName":"projects/205014283789/locations/us-central1/builds/e2dd5ee1-53e9-4921-990b-8eb2e4eff043"}}
[debug] [2024-08-21T10:14:32.829Z] [update-default-us-central1-nextApp] Retrying task index 0
[debug] [2024-08-21T10:14:32.829Z] >>> [apiv2][query] GET https://cloudfunctions.googleapis.com/v1/operations/bmV4dGpzLWFwcC01NzJhMy91cy1jZW50cmFsMS9uZXh0QXBwL2V0cGQ2ZEtzNHZB [none]
[debug] [2024-08-21T10:14:33.244Z] <<< [apiv2][status] GET https://cloudfunctions.googleapis.com/v1/operations/bmV4dGpzLWFwcC01NzJhMy91cy1jZW50cmFsMS9uZXh0QXBwL2V0cGQ2ZEtzNHZB 200
[debug] [2024-08-21T10:14:33.244Z] <<< [apiv2][body] GET https://cloudfunctions.googleapis.com/v1/operations/bmV4dGpzLWFwcC01NzJhMy91cy1jZW50cmFsMS9uZXh0QXBwL2V0cGQ2ZEtzNHZB {"name":"operations/bmV4dGpzLWFwcC01NzJhMy91cy1jZW50cmFsMS9uZXh0QXBwL2V0cGQ2ZEtzNHZB","metadata":{"@type":"type.googleapis.com/google.cloud.functions.v1.OperationMetadataV1","target":"projects/nextjs-app-572a3/locations/us-central1/functions/nextApp","type":"UPDATE_FUNCTION","request":{"@type":"type.googleapis.com/google.cloud.functions.v1.CloudFunction","name":"projects/nextjs-app-572a3/locations/us-central1/functions/nextApp","httpsTrigger":{"url":"https://us-central1-nextjs-app-572a3.cloudfunctions.net/nextApp","securityLevel":"SECURE_ALWAYS"},"status":"ACTIVE","entryPoint":"nextApp","updateTime":"2024-08-21T09:59:48.338Z","versionId":"2","labels":{"deployment-tool":"cli-firebase","firebase-functions-hash":"e9f45904bc89c3d44e09eed5c197720fb071140d"},"sourceUploadUrl":"https://storage.googleapis.com/uploads-936713015510.us-central1.cloudfunctions.appspot.com/ad5ca9b1-8143-4d19-a704-b44702d969b5.zip?GoogleAccessId=service-205014283789@gcf-admin-robot.iam.gserviceaccount.com&Expires=1724237015&Signature=VTpE2TBvA3CFfOnF%2FCQ8wSAamRvvJvZ1NgYyKrSuUte5UTX1GBeCkywOCeWtsl9msWYe3kqK35147AXEyMQtbSV5%2BDQ7f1D982ysfLzfwJIb%2BEVnbTRQ4T1xhiBJMkvKtl8TCNjaxO%2FujGuijS8BhMA8XW1Y%2BBxhmaE2pcz4kdm00hOeoxyt7wu4f6If9LPv7LpufH8YReIT5GWpXftsK%2B6sAmGH%2FWevlJUaIy7zCZsdyzg7iZu9zWP3r2G%2Be8DKtpzP6mMxdb1QyO%2BjyYVrmpCf501hpA4M0dAtU74yDSgN1uWNYx80WF%2FNNNsFJiXIZNSuHasSshFixN3pQGEBRg%3D%3D","environmentVariables":{"FIREBASE_CONFIG":"{\"projectId\":\"nextjs-app-572a3\",\"databaseURL\":\"https://nextjs-app-572a3-default-rtdb.asia-southeast1.firebasedatabase.app\",\"storageBucket\":\"nextjs-app-572a3.appspot.com\",\"locationId\":\"asia-southeast2\"}","GCLOUD_PROJECT":"nextjs-app-572a3","EVENTARC_CLOUD_EVENT_SOURCE":"projects/nextjs-app-572a3/locations/us-central1/functions/nextApp"},"runtime":"nodejs18","buildId":"1da2a6d8-5e5c-49e8-88fb-01136eaca12c","buildEnvironmentVariables":{"GOOGLE_NODE_RUN_SCRIPTS":""},"buildName":"projects/205014283789/locations/us-central1/builds/1da2a6d8-5e5c-49e8-88fb-01136eaca12c","dockerRegistry":"ARTIFACT_REGISTRY","automaticUpdatePolicy":{},"buildServiceAccount":"205014283789-compute@developer.gserviceaccount.com"},"versionId":"3","updateTime":"2024-08-21T10:13:44Z","buildId":"e2dd5ee1-53e9-4921-990b-8eb2e4eff043","buildName":"projects/205014283789/locations/us-central1/builds/e2dd5ee1-53e9-4921-990b-8eb2e4eff043"}}
[debug] [2024-08-21T10:14:43.259Z] [update-default-us-central1-nextApp] Retrying task index 0
[debug] [2024-08-21T10:14:43.259Z] >>> [apiv2][query] GET https://cloudfunctions.googleapis.com/v1/operations/bmV4dGpzLWFwcC01NzJhMy91cy1jZW50cmFsMS9uZXh0QXBwL2V0cGQ2ZEtzNHZB [none]
[debug] [2024-08-21T10:14:43.703Z] <<< [apiv2][status] GET https://cloudfunctions.googleapis.com/v1/operations/bmV4dGpzLWFwcC01NzJhMy91cy1jZW50cmFsMS9uZXh0QXBwL2V0cGQ2ZEtzNHZB 200
[debug] [2024-08-21T10:14:43.703Z] <<< [apiv2][body] GET https://cloudfunctions.googleapis.com/v1/operations/bmV4dGpzLWFwcC01NzJhMy91cy1jZW50cmFsMS9uZXh0QXBwL2V0cGQ2ZEtzNHZB {"name":"operations/bmV4dGpzLWFwcC01NzJhMy91cy1jZW50cmFsMS9uZXh0QXBwL2V0cGQ2ZEtzNHZB","metadata":{"@type":"type.googleapis.com/google.cloud.functions.v1.OperationMetadataV1","target":"projects/nextjs-app-572a3/locations/us-central1/functions/nextApp","type":"UPDATE_FUNCTION","request":{"@type":"type.googleapis.com/google.cloud.functions.v1.CloudFunction","name":"projects/nextjs-app-572a3/locations/us-central1/functions/nextApp","httpsTrigger":{"url":"https://us-central1-nextjs-app-572a3.cloudfunctions.net/nextApp","securityLevel":"SECURE_ALWAYS"},"status":"ACTIVE","entryPoint":"nextApp","updateTime":"2024-08-21T09:59:48.338Z","versionId":"2","labels":{"deployment-tool":"cli-firebase","firebase-functions-hash":"e9f45904bc89c3d44e09eed5c197720fb071140d"},"sourceUploadUrl":"https://storage.googleapis.com/uploads-936713015510.us-central1.cloudfunctions.appspot.com/ad5ca9b1-8143-4d19-a704-b44702d969b5.zip?GoogleAccessId=service-205014283789@gcf-admin-robot.iam.gserviceaccount.com&Expires=1724237015&Signature=VTpE2TBvA3CFfOnF%2FCQ8wSAamRvvJvZ1NgYyKrSuUte5UTX1GBeCkywOCeWtsl9msWYe3kqK35147AXEyMQtbSV5%2BDQ7f1D982ysfLzfwJIb%2BEVnbTRQ4T1xhiBJMkvKtl8TCNjaxO%2FujGuijS8BhMA8XW1Y%2BBxhmaE2pcz4kdm00hOeoxyt7wu4f6If9LPv7LpufH8YReIT5GWpXftsK%2B6sAmGH%2FWevlJUaIy7zCZsdyzg7iZu9zWP3r2G%2Be8DKtpzP6mMxdb1QyO%2BjyYVrmpCf501hpA4M0dAtU74yDSgN1uWNYx80WF%2FNNNsFJiXIZNSuHasSshFixN3pQGEBRg%3D%3D","environmentVariables":{"FIREBASE_CONFIG":"{\"projectId\":\"nextjs-app-572a3\",\"databaseURL\":\"https://nextjs-app-572a3-default-rtdb.asia-southeast1.firebasedatabase.app\",\"storageBucket\":\"nextjs-app-572a3.appspot.com\",\"locationId\":\"asia-southeast2\"}","GCLOUD_PROJECT":"nextjs-app-572a3","EVENTARC_CLOUD_EVENT_SOURCE":"projects/nextjs-app-572a3/locations/us-central1/functions/nextApp"},"runtime":"nodejs18","buildId":"1da2a6d8-5e5c-49e8-88fb-01136eaca12c","buildEnvironmentVariables":{"GOOGLE_NODE_RUN_SCRIPTS":""},"buildName":"projects/205014283789/locations/us-central1/builds/1da2a6d8-5e5c-49e8-88fb-01136eaca12c","dockerRegistry":"ARTIFACT_REGISTRY","automaticUpdatePolicy":{},"buildServiceAccount":"205014283789-compute@developer.gserviceaccount.com"},"versionId":"3","updateTime":"2024-08-21T10:13:44Z","buildId":"e2dd5ee1-53e9-4921-990b-8eb2e4eff043","buildName":"projects/205014283789/locations/us-central1/builds/e2dd5ee1-53e9-4921-990b-8eb2e4eff043"}}
